Arguments: 
  /home/esldev/.nvm/versions/node/v14.15.1/bin/node /home/esldev/.nvm/versions/node/v14.15.1/bin/yarnpkg install

PATH: 
  /home/esldev/.local/bin:/home/esldev/.local/bin:/home/esldev/.local/bin:/home/esldev/.local/bin:/home/esldev/.nvm/versions/node/v14.15.1/bin:/home/esldev/.rvm/gems/ruby-2.6.5/bin:/home/esldev/.rvm/gems/ruby-2.6.5@global/bin:/home/esldev/.rvm/rubies/ruby-2.6.5/bin:/home/esldev/.local/bin:/usr/local/sbin:/usr/local/bin:/usr/sbin:/usr/bin:/sbin:/bin:/usr/games:/usr/local/games:/snap/bin:/home/esldev/Android/Sdk/emulator:/home/esldev/Android/Sdk/tools:/home/esldev/Android/Sdk/tools/bin:/home/esldev/Android/Sdk/platform-tools:/home/esldev/.rvm/bin:/home/esldev/Android/Sdk/emulator:/home/esldev/Android/Sdk/tools:/home/esldev/Android/Sdk/tools/bin:/home/esldev/Android/Sdk/platform-tools:/home/esldev/.rvm/bin:/home/esldev/.rvm/bin

Yarn version: 
  1.22.10

Node version: 
  14.15.1

Platform: 
  linux x64

Trace: 
  Error: getaddrinfo EAI_AGAIN codeload.github.com
      at GetAddrInfoReqWrap.onlookup [as oncomplete] (dns.js:67:26)

npm manifest: 
  {
    "main": "node_modules/expo/AppEntry.js",
    "scripts": {
      "start": "expo start",
      "android": "expo start --android",
      "ios": "expo start --ios",
      "web": "expo start --web",
      "eject": "expo eject"
    },
    "dependencies": {
      "expo": "~41.0.0",
      "expo-status-bar": "~1.0.4",
      "react": "16.13.1",
      "react-dom": "16.13.1",
      "react-native": "https://github.com/expo/react-native/archive/sdk-41.0.0.tar.gz",
      "react-native-web": "~0.13.12"
    },
    "devDependencies": {
      "@babel/core": "^7.9.0",
      "@types/react": "~16.9.35",
      "@types/react-native": "~0.63.2",
      "typescript": "~4.0.0"
    },
    "private": true
  }

yarn manifest: 
  No manifest

Lockfile: 
  No lockfile
